{"message":"Hello again distributed logs","level":"error","service":"user-service"}
 21-06-25 11:06:09  alert : [31m84981762602b2d4b3ec77873c3e2b239dbde79be4bbfe2d15215eddc5a209805d8defe2e182f830b138bd5d822b85d77d03ec6cf5fd720b6d94c1b5d1637b455[39m
 21-06-25 11:06:11  alert : [31m179f70192574fbdf67aba212bf7fe7b5cdf0b1bddc389bc5307749d8d52bc6f916b3f90bfb2c578a0a8fca4cf177c4227d7ecedf61a26476a01c99c3f97e4480[39m
 21-06-25 11:06:08  alert : [31m84981762602b2d4b3ec77873c3e2b239dbde79be4bbfe2d15215eddc5a209805d8defe2e182f830b138bd5d822b85d77d03ec6cf5fd720b6d94c1b5d1637b455[39m
 21-06-25 11:06:08  alert : [31m179f70192574fbdf67aba212bf7fe7b5cdf0b1bddc389bc5307749d8d52bc6f916b3f90bfb2c578a0a8fca4cf177c4227d7ecedf61a26476a01c99c3f97e4480[39m
 21-06-29 18:06:39  error : [31mFound invalid pickup location infos, fixing...[39m
 21-06-29 18:06:15  error : [31mFound invalid pickup location infos, fixing...[39m
 21-06-29 18:06:18  error : [31m{[39m
[31m  user_fingerprint: '5b29bb1b9ac69d884f13fd4be2badcd22b72b98a69189bfab806dcf7c5f5541b6cbe8087cf60c791',[39m
[31m  connect_type: 'ConnectUs',[39m
[31m  ride_mode: 'RIDE',[39m
[31m  passengers_number: '1',[39m
[31m  isGoingUntilHome: false,[39m
[31m  request_type: 'immediate',[39m
[31m  pickup_time: 1624985731.14,[39m
[31m  country: 'Namibia',[39m
[31m  pickup_location_infos: {[39m
[31m    pickup_type: 'PrivateLocation',[39m
[31m    coordinates: { latitude: '-22.4423885', longitude: '17.0813968' },[39m
[31m    location_name: 'Elisenheim',[39m
[31m    street_name: 'false',[39m
[31m    suburb: 'Elisenheim',[39m
[31m    state: 'Khomas Region',[39m
[31m    city: 'false',[39m
[31m    make_new: false[39m
[31m  },[39m
[31m  destination_location_infos: [[39m
[31m    {[39m
[31m      passenger_number_id: 1,[39m
[31m      dropoff_type: 'PrivateLocation',[39m
[31m      coordinates: [Object],[39m
[31m      location_name: 'Katutura',[39m
[31m      street_name: 'false',[39m
[31m      suburb: 'Katutura',[39m
[31m      state: 'Khomas Region',[39m
[31m      city: 'false',[39m
[31m      make_new: false[39m
[31m    }[39m
[31m  ][39m
[31m}[39m
 21-06-29 18:06:05  error : [31mFound invalid pickup location infos, fixing...[39m
 21-06-29 18:06:06  error : [31mnull[39m
 21-06-29 18:06:23  error : [31mFound invalid pickup location infos, fixing...[39m
 21-06-29 18:06:25  error : [31mnull[39m
 21-06-29 18:06:79  error : [31mFound invalid pickup location infos, fixing...[39m
 21-06-29 18:06:80  error : [31mnull[39m
 21-06-29 18:06:83  error : [31m{[39m
[31m  user_fingerprint: '5b29bb1b9ac69d884f13fd4be2badcd22b72b98a69189bfab806dcf7c5f5541b6cbe8087cf60c791',[39m
[31m  connect_type: 'ConnectUs',[39m
[31m  ride_mode: 'RIDE',[39m
[31m  passengers_number: '1',[39m
[31m  isGoingUntilHome: false,[39m
[31m  request_type: 'immediate',[39m
[31m  pickup_time: 1624985912.787,[39m
[31m  country: 'Namibia',[39m
[31m  pickup_location_infos: {[39m
[31m    pickup_type: 'PrivateLocation',[39m
[31m    coordinates: { latitude: '-22.4423885', longitude: '17.0813968' },[39m
[31m    location_name: 'Elisenheim',[39m
[31m    street_name: 'false',[39m
[31m    suburb: 'Elisenheim',[39m
[31m    state: 'Khomas Region',[39m
[31m    city: 'false',[39m
[31m    make_new: false[39m
[31m  },[39m
[31m  destination_location_infos: [[39m
[31m    {[39m
[31m      passenger_number_id: 1,[39m
[31m      dropoff_type: 'PrivateLocation',[39m
[31m      coordinates: [Object],[39m
[31m      location_name: 'Katutura',[39m
[31m      street_name: 'false',[39m
[31m      suburb: 'Katutura',[39m
[31m      state: 'Khomas Region',[39m
[31m      city: 'false',[39m
[31m      make_new: false[39m
[31m    }[39m
[31m  ][39m
[31m}[39m
 21-06-29 19:06:23  error : [31mFound invalid pickup location infos, fixing...[39m
 21-06-29 19:06:75  error : [31mFound invalid pickup location infos, fixing...[39m
 21-06-29 19:06:58  error : [31mFound invalid pickup location infos, fixing...[39m
 21-06-29 19:06:59  error : [31m{[39m
[31m  suburb: 'Elisenheim',[39m
[31m  state: 'Khomas Region',[39m
[31m  location_name: 'Listra Street',[39m
[31m  country: 'Namibia',[39m
[31m  street_name: 'Listra Street',[39m
[31m  passenger_number_id: 1[39m
[31m}[39m
 21-06-29 19:06:71  error : [31mFound invalid pickup location infos, fixing...[39m
 21-06-29 19:06:44  error : [31m{[39m
[31m  passenger_number_id: 1,[39m
[31m  suburb: 'Elisenheim',[39m
[31m  state: 'Khomas Region',[39m
[31m  location_name: 'Listra Street',[39m
[31m  city: undefined,[39m
[31m  country: 'Namibia',[39m
[31m  street_name: 'Listra Street'[39m
[31m}[39m
 21-06-29 19:06:45  error : [31mFound invalid pickup location infos, fixing...[39m
 21-06-29 19:06:19  error : [31m{[39m
[31m  passenger_number_id: 1,[39m
[31m  suburb: 'Elisenheim',[39m
[31m  state: 'Khomas Region',[39m
[31m  location_name: 'Listra Street',[39m
[31m  city: undefined,[39m
[31m  country: 'Namibia',[39m
[31m  street_name: 'Listra Street'[39m
[31m}[39m
 21-06-29 19:06:48  error : [31mFound invalid pickup location infos, fixing...[39m
 21-06-29 19:06:19  error : [31m{[39m
[31m  passenger_number_id: 1,[39m
[31m  suburb: 'Elisenheim',[39m
[31m  state: 'Khomas Region',[39m
[31m  location_name: 'Listra Street',[39m
[31m  city: undefined,[39m
[31m  country: 'Namibia',[39m
[31m  street_name: 'Listra Street'[39m
[31m}[39m
 21-06-29 19:06:43  error : [31mFound invalid pickup location infos, fixing...[39m
 21-06-29 19:06:20  error : [31m{[39m
[31m  passenger_number_id: 1,[39m
[31m  suburb: 'Elisenheim',[39m
[31m  state: 'Khomas Region',[39m
[31m  location_name: 'Listra Street',[39m
[31m  city: 'Windhoek',[39m
[31m  country: 'Namibia',[39m
[31m  street_name: 'Listra Street'[39m
[31m}[39m
 21-07-25 14:07:16  error : [31m{[39m
[31m  passenger_number_id: 1,[39m
[31m  suburb: 'Windhoek Central / CBD',[39m
[31m  state: 'Khomas Region',[39m
[31m  location_name: undefined,[39m
[31m  city: 'Windhoek',[39m
[31m  country: 'Namibia',[39m
[31m  street_name: undefined[39m
[31m}[39m
 21-07-25 17:07:85  error : [31m{[39m
[31m  passenger_number_id: 1,[39m
[31m  suburb: 'Windhoek Central / CBD',[39m
[31m  state: 'Khomas Region',[39m
[31m  location_name: 'Hotel Pension Steiner',[39m
[31m  city: 'Windhoek',[39m
[31m  country: 'Namibia',[39m
[31m  street_name: 'Wecke Street'[39m
[31m}[39m
 21-07-25 19:07:90  error : [31m{[39m
[31m  suburb: 'Windhoek Central / CBD',[39m
[31m  state: 'Khomas Region',[39m
[31m  location_name: 'Hotel Pension Steiner',[39m
[31m  city: 'Windhoek',[39m
[31m  country: 'Namibia',[39m
[31m  street_name: 'Wecke Street',[39m
[31m  passenger_number_id: 1[39m
[31m}[39m
 21-07-25 19:07:81  error : [31m{[39m
[31m  suburb: 'Windhoek Central / CBD',[39m
[31m  state: 'Khomas Region',[39m
[31m  location_name: 'Hotel Pension Steiner',[39m
[31m  city: 'Windhoek',[39m
[31m  country: 'Namibia',[39m
[31m  street_name: 'Wecke Street',[39m
[31m  passenger_number_id: 1[39m
[31m}[39m
 21-07-25 19:07:49  error : [31m{[39m
[31m  suburb: 'Windhoek Central / CBD',[39m
[31m  state: 'Khomas Region',[39m
[31m  location_name: 'Hotel Pension Steiner',[39m
[31m  city: 'Windhoek',[39m
[31m  country: 'Namibia',[39m
[31m  street_name: 'Wecke Street',[39m
[31m  passenger_number_id: 1[39m
[31m}[39m
 21-07-25 19:07:86  error : [31m{[39m
[31m  suburb: 'Windhoek Central / CBD',[39m
[31m  state: 'Khomas Region',[39m
[31m  location_name: 'Hotel Pension Steiner',[39m
[31m  city: 'Windhoek',[39m
[31m  country: 'Namibia',[39m
[31m  street_name: 'Wecke Street',[39m
[31m  passenger_number_id: 1[39m
[31m}[39m
